  main.cpp
C:\Users\user\Downloads\ICG_HW4\HW4\main.cpp(29,19): warning C4305: '正在初始化': 從 'double' 轉換為 'float'，是由較大的類型轉換為較小的類型，可能導致資料遺失
C:\Users\user\Downloads\ICG_HW4\HW4\main.cpp(30,20): warning C4305: '正在初始化': 從 'double' 轉換為 'float'，是由較大的類型轉換為較小的類型，可能導致資料遺失
C:\Users\user\Downloads\ICG_HW4\HW4\main.cpp(31,20): warning C4305: '正在初始化': 從 'double' 轉換為 'float'，是由較大的類型轉換為較小的類型，可能導致資料遺失
C:\Users\user\Downloads\ICG_HW4\HW4\main.cpp(41,28): warning C4305: '正在初始化': 從 'double' 轉換為 'float'，是由較大的類型轉換為較小的類型，可能導致資料遺失
C:\Users\user\Downloads\ICG_HW4\HW4\main.cpp(43,28): warning C4305: '正在初始化': 從 'double' 轉換為 'float'，是由較大的類型轉換為較小的類型，可能導致資料遺失
C:\Users\user\Downloads\ICG_HW4\HW4\main.cpp(128,20): warning C4244: '正在初始化': 將 'double' 轉換為 'int'，由於類型不同，可能導致資料遺失
C:\Users\user\Downloads\ICG_HW4\HW4\main.cpp(177,61): warning C4267: '引數': 將 'size_t' 轉換為 'GLsizei'，資料可能遺失
C:\Users\user\Downloads\ICG_HW4\HW4\main.cpp(186,50): warning C4244: '+=': 將 'double' 轉換為 'float'，由於類型不同，可能導致資料遺失
C:\Users\user\Downloads\ICG_HW4\HW4\main.cpp(192,19): warning C4244: '=': 將 'double' 轉換為 'float'，由於類型不同，可能導致資料遺失
C:\Users\user\Downloads\ICG_HW4\HW4\main.cpp(195,19): warning C4244: '=': 將 'double' 轉換為 'float'，由於類型不同，可能導致資料遺失
C:\Users\user\Downloads\ICG_HW4\HW4\main.cpp(197,16): warning C4244: '+=': 將 'double' 轉換為 'float'，由於類型不同，可能導致資料遺失
C:\Users\user\Downloads\ICG_HW4\HW4\main.cpp(201,16): warning C4244: '+=': 將 'double' 轉換為 'float'，由於類型不同，可能導致資料遺失
C:\Users\user\Downloads\ICG_HW4\HW4\main.cpp(211,19): warning C4244: '=': 將 'double' 轉換為 'float'，由於類型不同，可能導致資料遺失
C:\Users\user\Downloads\ICG_HW4\HW4\main.cpp(214,19): warning C4244: '=': 將 'double' 轉換為 'float'，由於類型不同，可能導致資料遺失
C:\Users\user\Downloads\ICG_HW4\HW4\main.cpp(217,20): warning C4244: '=': 將 'double' 轉換為 'float'，由於類型不同，可能導致資料遺失
C:\Users\user\Downloads\ICG_HW4\HW4\main.cpp(219,19): warning C4244: '=': 將 'double' 轉換為 'float'，由於類型不同，可能導致資料遺失
C:\Users\user\Downloads\ICG_HW4\HW4\main.cpp(224,20): warning C4244: '=': 將 'double' 轉換為 'float'，由於類型不同，可能導致資料遺失
C:\Users\user\Downloads\ICG_HW4\HW4\main.cpp(226,20): warning C4244: '=': 將 'double' 轉換為 'float'，由於類型不同，可能導致資料遺失
C:\Users\user\Downloads\ICG_HW4\HW4\main.cpp(235,19): warning C4244: '=': 將 'double' 轉換為 'float'，由於類型不同，可能導致資料遺失
C:\Users\user\Downloads\ICG_HW4\HW4\main.cpp(238,19): warning C4244: '=': 將 'double' 轉換為 'float'，由於類型不同，可能導致資料遺失
C:\Users\user\Downloads\ICG_HW4\HW4\main.cpp(241,20): warning C4244: '=': 將 'double' 轉換為 'float'，由於類型不同，可能導致資料遺失
C:\Users\user\Downloads\ICG_HW4\HW4\main.cpp(243,19): warning C4244: '=': 將 'double' 轉換為 'float'，由於類型不同，可能導致資料遺失
C:\Users\user\Downloads\ICG_HW4\HW4\main.cpp(248,20): warning C4244: '=': 將 'double' 轉換為 'float'，由於類型不同，可能導致資料遺失
C:\Users\user\Downloads\ICG_HW4\HW4\main.cpp(250,20): warning C4244: '=': 將 'double' 轉換為 'float'，由於類型不同，可能導致資料遺失
C:\Users\user\Downloads\ICG_HW4\HW4\main.cpp(254,20): warning C4244: '=': 將 'double' 轉換為 'float'，由於類型不同，可能導致資料遺失
C:\Users\user\Downloads\ICG_HW4\HW4\main.cpp(256,19): warning C4244: '=': 將 'double' 轉換為 'float'，由於類型不同，可能導致資料遺失
C:\Users\user\Downloads\ICG_HW4\HW4\main.cpp(261,20): warning C4244: '=': 將 'double' 轉換為 'float'，由於類型不同，可能導致資料遺失
C:\Users\user\Downloads\ICG_HW4\HW4\main.cpp(263,20): warning C4244: '=': 將 'double' 轉換為 'float'，由於類型不同，可能導致資料遺失
C:\Users\user\Downloads\ICG_HW4\HW4\main.cpp(267,20): warning C4244: '=': 將 'double' 轉換為 'float'，由於類型不同，可能導致資料遺失
C:\Users\user\Downloads\ICG_HW4\HW4\main.cpp(269,19): warning C4244: '=': 將 'double' 轉換為 'float'，由於類型不同，可能導致資料遺失
C:\Users\user\Downloads\ICG_HW4\HW4\main.cpp(274,20): warning C4244: '=': 將 'double' 轉換為 'float'，由於類型不同，可能導致資料遺失
C:\Users\user\Downloads\ICG_HW4\HW4\main.cpp(276,20): warning C4244: '=': 將 'double' 轉換為 'float'，由於類型不同，可能導致資料遺失
C:\Users\user\Downloads\ICG_HW4\HW4\main.cpp(282,46): warning C4244: '=': 將 'double' 轉換為 'int'，由於類型不同，可能導致資料遺失
C:\Users\user\Downloads\ICG_HW4\HW4\main.cpp(283,60): warning C4244: '=': 將 'double' 轉換為 'int'，由於類型不同，可能導致資料遺失
C:\Users\user\Downloads\ICG_HW4\HW4\main.cpp(285,58): warning C4244: '+=': 將 'double' 轉換為 'float'，由於類型不同，可能導致資料遺失
C:\Users\user\Downloads\ICG_HW4\HW4\main.cpp(334,15): warning C4305: '=': 從 'double' 轉換為 'float'，是由較大的類型轉換為較小的類型，可能導致資料遺失
C:\Users\user\Downloads\ICG_HW4\HW4\main.cpp(343,15): warning C4305: '=': 從 'double' 轉換為 'float'，是由較大的類型轉換為較小的類型，可能導致資料遺失
C:\Users\user\Downloads\ICG_HW4\HW4\main.cpp(352,15): warning C4305: '=': 從 'double' 轉換為 'float'，是由較大的類型轉換為較小的類型，可能導致資料遺失
C:\Users\user\Downloads\ICG_HW4\HW4\main.cpp(362,15): warning C4305: '=': 從 'double' 轉換為 'float'，是由較大的類型轉換為較小的類型，可能導致資料遺失
C:\Users\user\Downloads\ICG_HW4\HW4\main.cpp(363,16): warning C4305: '=': 從 'double' 轉換為 'float'，是由較大的類型轉換為較小的類型，可能導致資料遺失
C:\Users\user\Downloads\ICG_HW4\HW4\main.cpp(364,16): warning C4305: '=': 從 'double' 轉換為 'float'，是由較大的類型轉換為較小的類型，可能導致資料遺失
  HW4.vcxproj -> C:\Users\user\Downloads\ICG_HW4\x64\Debug\HW4.exe
